uBridge version 0.9.19 running with libpcap version 1.10.1 (with TPACKET_V3)
Hypervisor TCP control server started (IP localhost port 32933).
UDP tunnel connecting from local port 10026 to IPv4 address 127.0.0.1 on port 10027
Source NIO listener thread for bridge0 has started
Destination NIO listener thread for bridge0 has started
UDP tunnel connecting from local port 10028 to IPv4 address 127.0.0.1 on port 10029
Source NIO listener thread for bridge1 has started
Destination NIO listener thread for bridge1 has started
UDP tunnel connecting from local port 10032 to IPv4 address 127.0.0.1 on port 10033
Destination NIO listener thread for bridge2 has started
Source NIO listener thread for bridge2 has started
UDP tunnel connecting from local port 10036 to IPv4 address 127.0.0.1 on port 10037
Source NIO listener thread for bridge3 has started
Destination NIO listener thread for bridge3 has started
recv: Connection refused
recv: Connection refused
recv: Connection refused
recv: Connection refused
recv: Connection refused
recv: Connection refused
send: Connection refused
recv: Connection refused
recv: Connection refused
recv: Connection refused
recv: Connection refused
recv: Connection refused
