uBridge version 0.9.19 running with libpcap version 1.10.1 (with TPACKET_V3)
Hypervisor TCP control server started (IP localhost port 39077).
UDP tunnel connecting from local port 10030 to IPv4 address 127.0.0.1 on port 10031
Source NIO listener thread for bridge0 has started
Destination NIO listener thread for bridge0 has started
UDP tunnel connecting from local port 10029 to IPv4 address 127.0.0.1 on port 10028
Source NIO listener thread for bridge1 has started
Destination NIO listener thread for bridge1 has started
UDP tunnel connecting from local port 10034 to IPv4 address 127.0.0.1 on port 10035
Source NIO listener thread for bridge2 has started
Destination NIO listener thread for bridge2 has started
UDP tunnel connecting from local port 10039 to IPv4 address 127.0.0.1 on port 10038
Source NIO listener thread for bridge3 has started
Destination NIO listener thread for bridge3 has started
send: Input/output error
send: Input/output error
recv: Connection refused
recv: Connection refused
recv: Connection refused
recv: Connection refused
recv: Connection refused
recv: Connection refused
recv: Connection refused
recv: Connection refused
recv: Connection refused
recv: Connection refused
